f:\asu\1st year work\1st year 2nd term  projects\projects\self-diagnosis-sp\x64\debug\vc143.pdb
f:\asu\1st year work\1st year 2nd term  projects\projects\self-diagnosis-sp\x64\debug\.netframework,version=v4.7.2.assemblyattributes.obj
f:\asu\1st year work\1st year 2nd term  projects\projects\self-diagnosis-sp\x64\debug\myform2.obj
f:\asu\1st year work\1st year 2nd term  projects\projects\self-diagnosis-sp\x64\debug\camera_winform.obj
f:\asu\1st year work\1st year 2nd term  projects\projects\self-diagnosis-sp\x64\debug\account_settings.obj
f:\asu\1st year work\1st year 2nd term  projects\projects\self-diagnosis-sp\x64\debug\myform.obj
f:\asu\1st year work\1st year 2nd term  projects\projects\self-diagnosis-sp\x64\debug\mysql.data.dll
f:\asu\1st year work\1st year 2nd term  projects\projects\self-diagnosis-sp\x64\debug\project29.dll
f:\asu\1st year work\1st year 2nd term  projects\projects\self-diagnosis-sp\x64\debug\project38.exe
f:\asu\1st year work\1st year 2nd term  projects\projects\self-diagnosis-sp\x64\debug\project38.pdb
f:\asu\1st year work\1st year 2nd term  projects\projects\self-diagnosis-sp\x64\debug\project38.tlog\metagen.write.1.tlog
f:\asu\2nd term\projects\self-diagnosis-sp\x64\debug\project38.account_settings.resources
f:\asu\2nd term\projects\self-diagnosis-sp\x64\debug\project38.camera_winform.resources
f:\asu\2nd term\projects\self-diagnosis-sp\x64\debug\project38.myform.resources
f:\asu\2nd term\projects\self-diagnosis-sp\x64\debug\project38.myform2.resources
f:\asu\1st year work\1st year 2nd term  projects\projects\self-diagnosis-sp\x64\debug\project38.account_settings.resources
f:\asu\1st year work\1st year 2nd term  projects\projects\self-diagnosis-sp\x64\debug\project38.camera_winform.resources
f:\asu\1st year work\1st year 2nd term  projects\projects\self-diagnosis-sp\x64\debug\project38.myform.resources
f:\asu\1st year work\1st year 2nd term  projects\projects\self-diagnosis-sp\x64\debug\project38.myform2.resources
f:\asu\1st year work\1st year 2nd term  projects\projects\self-diagnosis-sp\x64\debug\project38.exe.metagen
f:\asu\1st year work\1st year 2nd term  projects\projects\self-diagnosis-sp\x64\debug\project38.tlog\cl.command.1.tlog
f:\asu\1st year work\1st year 2nd term  projects\projects\self-diagnosis-sp\x64\debug\project38.tlog\cl.read.1.tlog
f:\asu\1st year work\1st year 2nd term  projects\projects\self-diagnosis-sp\x64\debug\project38.tlog\cl.write.1.tlog
f:\asu\1st year work\1st year 2nd term  projects\projects\self-diagnosis-sp\x64\debug\project38.tlog\copylocal.read.1u.tlog
f:\asu\1st year work\1st year 2nd term  projects\projects\self-diagnosis-sp\x64\debug\project38.tlog\copylocal.write.1u.tlog
f:\asu\1st year work\1st year 2nd term  projects\projects\self-diagnosis-sp\x64\debug\project38.tlog\link.command.1.tlog
f:\asu\1st year work\1st year 2nd term  projects\projects\self-diagnosis-sp\x64\debug\project38.tlog\link.read.1.tlog
f:\asu\1st year work\1st year 2nd term  projects\projects\self-diagnosis-sp\x64\debug\project38.tlog\link.write.1.tlog
f:\asu\1st year work\1st year 2nd term  projects\projects\self-diagnosis-sp\x64\debug\project38.tlog\metagen.read.1.tlog
f:\asu\1st year work\1st year 2nd term  projects\projects\self-diagnosis-sp\x64\debug\project38.tlog\project38.write.1u.tlog
f:\asu\1st year work\1st year 2nd term  projects\projects\self-diagnosis-sp\x64\debug\project38.tlog\aforge.dll.metagen
f:\asu\1st year work\1st year 2nd term  projects\projects\self-diagnosis-sp\x64\debug\project38.tlog\axinterop.wmplib.1.0.dll.metagen
f:\asu\1st year work\1st year 2nd term  projects\projects\self-diagnosis-sp\x64\debug\project38.tlog\darrenlee.media.dll.metagen
f:\asu\1st year work\1st year 2nd term  projects\projects\self-diagnosis-sp\x64\debug\project38.tlog\interop.wmplib.1.0.dll.metagen
f:\asu\1st year work\1st year 2nd term  projects\projects\self-diagnosis-sp\x64\debug\project38.tlog\messageboxmanager.dll.metagen
f:\asu\1st year work\1st year 2nd term  projects\projects\self-diagnosis-sp\x64\debug\project38.tlog\mysql.data.dll.metagen
f:\asu\1st year work\1st year 2nd term  projects\projects\self-diagnosis-sp\x64\debug\project38.tlog\project29.dll.metagen
f:\asu\1st year work\1st year 2nd term  projects\projects\self-diagnosis-sp\x64\debug\project38.tlog\siticone.ui.dll.metagen
